>>> NEW RUN
1647702310192
test - inside try
Getting report for http://localhost:3000/
Report completed for  http://localhost:3000/
Performance score:  99
Getting report for http://localhost:3000/blog/
Report completed for  http://localhost:3000/blog
Performance score:  99
Getting report for http://localhost:3000/blog/first
Report completed for  http://localhost:3000/blog/first
Performance score:  99
Getting report for http://localhost:3000/blog/second
Report completed for  http://localhost:3000/blog/second
Performance score:  100
Getting report for http://localhost:3000/information
>>> NEW RUN
1647702375197
test - inside try
Getting report for http://localhost:3000/
Report completed for  http://localhost:3000/
Performance score:  99
Getting report for http://localhost:3000/blog/
test - inside catch appendfilesynccustom error message
custom error message
An error occurred while attempting to access the config file.  Please ensure that you have added ./vantage/vantage_config.json to your project, see the README for the template.
Additional error details: Error: ENOENT: no such file or directory, open './vantage/vantage_config.json'
An error occurred while attempting to access the config file.  Please ensure that you have added ./vantage/vantage_config.json to your project, see the README for the template.
Additional error details: Error: ENOENT: no such file or directory, open './vantage/vantage_config.json'
Error: ENOENT: no such file or directory, open './vantage/vantage_config.json'
    at Object.openSync (node:fs:585:3)
    at Object.readFileSync (node:fs:453:35)
    at initialize (/Users/michaelnoah/Codesmith-Dev/vantage/package/lighthouse/lighthouse.js:23:28)
    at initiateRefresh (/Users/michaelnoah/Codesmith-Dev/vantage/package/lighthouse/lighthouse.js:211:5)
    at Object.<anonymous> (/Users/michaelnoah/Codesmith-Dev/vantage/package/lighthouse/lighthouse.js:231:1)
    at Module._compile (node:internal/modules/cjs/loader:1101:14)
    at Object.Module._extensions..js (node:internal/modules/cjs/loader:1153:10)
    at Module.load (node:internal/modules/cjs/loader:981:32)
    at Function.Module._load (node:internal/modules/cjs/loader:822:12)
    at Function.executeUserEntryPoint [as runMain] (node:internal/modules/run_main:81:12)
An error occurred while attempting to access the config file.  Please ensure that you have added ./vantage/vantage_config.json to your project, see the README for the template.
Error: ENOENT: no such file or directory, open './vantage/vantage_config.json'
    at Object.openSync (node:fs:585:3)
    at Object.readFileSync (node:fs:453:35)
    at initialize (/Users/michaelnoah/Codesmith-Dev/vantage/package/lighthouse/lighthouse.js:23:28)
    at initiateRefresh (/Users/michaelnoah/Codesmith-Dev/vantage/package/lighthouse/lighthouse.js:211:5)
    at Object.<anonymous> (/Users/michaelnoah/Codesmith-Dev/vantage/package/lighthouse/lighthouse.js:231:1)
    at Module._compile (node:internal/modules/cjs/loader:1101:14)
    at Object.Module._extensions..js (node:internal/modules/cjs/loader:1153:10)
    at Module.load (node:internal/modules/cjs/loader:981:32)
    at Function.Module._load (node:internal/modules/cjs/loader:822:12)
    at Function.executeUserEntryPoint [as runMain] (node:internal/modules/run_main:81:12)
>>> NEW RUN
1647702862111
An error occurred while attempting to access the config file.  Please ensure that you have added ./vantage/vantage_config.json to your project, see the README for the template.
Error: ENOENT: no such file or directory, open './vantage/vantage_config.json'
    at Object.openSync (node:fs:585:3)
    at Object.readFileSync (node:fs:453:35)
    at initialize (/Users/michaelnoah/Codesmith-Dev/vantage/package/lighthouse/lighthouse.js:23:28)
    at initiateRefresh (/Users/michaelnoah/Codesmith-Dev/vantage/package/lighthouse/lighthouse.js:211:5)
    at Object.<anonymous> (/Users/michaelnoah/Codesmith-Dev/vantage/package/lighthouse/lighthouse.js:231:1)
    at Module._compile (node:internal/modules/cjs/loader:1101:14)
    at Object.Module._extensions..js (node:internal/modules/cjs/loader:1153:10)
    at Module.load (node:internal/modules/cjs/loader:981:32)
    at Function.Module._load (node:internal/modules/cjs/loader:822:12)
    at Function.executeUserEntryPoint [as runMain] (node:internal/modules/run_main:81:12)
>>> NEW RUN
1647702914548
An error occurred while attempting to access the config file.  Please ensure that you have added ./vantage/vantage_config.json to your project, see the README for the template.
Error: ENOENT: no such file or directory, open './vantage/vantage_config.json'
    at Object.openSync (node:fs:585:3)
    at Object.readFileSync (node:fs:453:35)
    at initialize (/Users/michaelnoah/Codesmith-Dev/vantage/package/lighthouse/lighthouse.js:23:28)
    at initiateRefresh (/Users/michaelnoah/Codesmith-Dev/vantage/package/lighthouse/lighthouse.js:211:5)
    at Object.<anonymous> (/Users/michaelnoah/Codesmith-Dev/vantage/package/lighthouse/lighthouse.js:231:1)
    at Module._compile (node:internal/modules/cjs/loader:1101:14)
    at Object.Module._extensions..js (node:internal/modules/cjs/loader:1153:10)
    at Module.load (node:internal/modules/cjs/loader:981:32)
    at Function.Module._load (node:internal/modules/cjs/loader:822:12)
    at Function.executeUserEntryPoint [as runMain] (node:internal/modules/run_main:81:12)
>>> NEW RUN
>>> NEW RUN
2022-03-19T15:17:23.587Z
An error occurred while attempting to access the config file.  Please ensure that you have added ./vantage/vantage_config.json to your project, see the README for the template.
Error: ENOENT: no such file or directory, open './vantage/vantage_config.json'
    at Object.openSync (node:fs:585:3)
    at Object.readFileSync (node:fs:453:35)
    at initialize (/Users/michaelnoah/Codesmith-Dev/vantage/package/lighthouse/lighthouse.js:23:28)
    at initiateRefresh (/Users/michaelnoah/Codesmith-Dev/vantage/package/lighthouse/lighthouse.js:211:5)
    at Object.<anonymous> (/Users/michaelnoah/Codesmith-Dev/vantage/package/lighthouse/lighthouse.js:230:1)
    at Module._compile (node:internal/modules/cjs/loader:1101:14)
    at Object.Module._extensions..js (node:internal/modules/cjs/loader:1153:10)
    at Module.load (node:internal/modules/cjs/loader:981:32)
    at Function.Module._load (node:internal/modules/cjs/loader:822:12)
    at Function.executeUserEntryPoint [as runMain] (node:internal/modules/run_main:81:12)
>>> NEW RUN: 2022-03-19T15:18:25.591Z
An error occurred while attempting to access the config file.  Please ensure that you have added ./vantage/vantage_config.json to your project, see the README for the template.
Error: ENOENT: no such file or directory, open './vantage/vantage_config.json'
    at Object.openSync (node:fs:585:3)
    at Object.readFileSync (node:fs:453:35)
    at initialize (/Users/michaelnoah/Codesmith-Dev/vantage/package/lighthouse/lighthouse.js:23:28)
    at initiateRefresh (/Users/michaelnoah/Codesmith-Dev/vantage/package/lighthouse/lighthouse.js:213:5)
    at Object.<anonymous> (/Users/michaelnoah/Codesmith-Dev/vantage/package/lighthouse/lighthouse.js:232:1)
    at Module._compile (node:internal/modules/cjs/loader:1101:14)
    at Object.Module._extensions..js (node:internal/modules/cjs/loader:1153:10)
    at Module.load (node:internal/modules/cjs/loader:981:32)
    at Function.Module._load (node:internal/modules/cjs/loader:822:12)
    at Function.executeUserEntryPoint [as runMain] (node:internal/modules/run_main:81:12)
>>> NEW RUN: 2022-03-19T15:21:34.954Z
Getting report for http://localhost:3000/
Performance score: 
Getting report for http://localhost:3000/blog/
Performance score: 
Getting report for http://localhost:3000/blog/first
Performance score: 
Getting report for http://localhost:3000/blog/second
Performance score: 
Getting report for http://localhost:3000/information
Performance score: 
Getting report for http://localhost:3000/messages/first
Performance score: 
Getting report for http://localhost:3000/messages/second
Performance score: 
Tests completed
>>> PROCESS EXITING
>>> NEW RUN: 2022-03-19T15:23:30.117Z
An error occurred while attempting to access the config file.  Please ensure that you have added ./vantage/vantage_config.json to your project, see the README for the template.
SyntaxError: Unexpected token ' in JSON at position 142
    at JSON.parse (<anonymous>)
    at initialize (/Users/michaelnoah/Codesmith-Dev/vantage/package/lighthouse/lighthouse.js:22:29)
    at initiateRefresh (/Users/michaelnoah/Codesmith-Dev/vantage/package/lighthouse/lighthouse.js:202:5)
    at Object.<anonymous> (/Users/michaelnoah/Codesmith-Dev/vantage/package/lighthouse/lighthouse.js:221:1)
    at Module._compile (node:internal/modules/cjs/loader:1101:14)
    at Object.Module._extensions..js (node:internal/modules/cjs/loader:1153:10)
    at Module.load (node:internal/modules/cjs/loader:981:32)
    at Function.Module._load (node:internal/modules/cjs/loader:822:12)
    at Function.executeUserEntryPoint [as runMain] (node:internal/modules/run_main:81:12)
    at node:internal/main/run_main_module:17:47
>>> NEW RUN: 2022-03-19T15:24:13.132Z
Getting report for http://localhost:3000/
Performance score: 99
Getting report for http://localhost:3000/blog/
Performance score: 98
Getting report for http://localhost:3000/blog/first
Performance score: 99
Getting report for http://localhost:3000/blog/second
Performance score: 100
Getting report for http://localhost:3000/information
Performance score: 99
Getting report for http://localhost:3000/messages/first
Performance score: 99
Getting report for http://localhost:3000/messages/second
Performance score: 99
Getting report for http://localhost:3000asdf
Vantage was unable to complete for this commit
LHError: INVALID_URL
    at Function.normalizeUrl (/Users/michaelnoah/Codesmith-Dev/vantage/node_modules/lighthouse/lighthouse-core/lib/url-shim.js:263:13)
    at /Users/michaelnoah/Codesmith-Dev/vantage/node_modules/lighthouse/lighthouse-core/index.js:51:30
    at Function.gather (/Users/michaelnoah/Codesmith-Dev/vantage/node_modules/lighthouse/lighthouse-core/runner.js:170:27)
    at lighthouse (/Users/michaelnoah/Codesmith-Dev/vantage/node_modules/lighthouse/lighthouse-core/index.js:50:34)
    at getLighthouseResults (/Users/michaelnoah/Codesmith-Dev/vantage/package/lighthouse/lighthouse.js:94:30)
    at processTicksAndRejections (node:internal/process/task_queues:96:5)
    at async initiateRefresh (/Users/michaelnoah/Codesmith-Dev/vantage/package/lighthouse/lighthouse.js:208:19)
>>> PROCESS EXITING
>>> NEW RUN: 2022-03-19T15:28:04.329Z
Vantage was unable to complete for this commit
Error: Error capturing structure of pages folder. Please ensure your project follows the required structure for the NEXT.js pages folder.
    at getRoutes (/Users/michaelnoah/Codesmith-Dev/vantage/package/lighthouse/lighthouse.js:61:11)
    at initiateRefresh (/Users/michaelnoah/Codesmith-Dev/vantage/package/lighthouse/lighthouse.js:199:5)
    at Object.<anonymous> (/Users/michaelnoah/Codesmith-Dev/vantage/package/lighthouse/lighthouse.js:217:1)
    at Module._compile (node:internal/modules/cjs/loader:1101:14)
    at Object.Module._extensions..js (node:internal/modules/cjs/loader:1153:10)
    at Module.load (node:internal/modules/cjs/loader:981:32)
    at Function.Module._load (node:internal/modules/cjs/loader:822:12)
    at Function.executeUserEntryPoint [as runMain] (node:internal/modules/run_main:81:12)
    at node:internal/main/run_main_module:17:47
>>> PROCESS EXITING
>>> New run for commit 'Placeholder - logging testing' at 2022-03-19T15:31:35.421Z
Getting report for http://localhost:3000/
Performance score: 99
Getting report for http://localhost:3000/blog/
Performance score: 98
Getting report for http://localhost:3000/blog/first
Performance score: 99
Getting report for http://localhost:3000/blog/second
Performance score: 98
Getting report for http://localhost:3000/information
Performance score: 99
Getting report for http://localhost:3000/messages/first
Performance score: 99
Getting report for http://localhost:3000/messages/second
Performance score: 99
Tests completed
>>> PROCESS EXITING